 
----- Delete the target hdfs dir -----
> hdfs dfs -rm -R /data/wordcount/output
rm: `/data/wordcount/output': No such file or directory
 
----- Launching Hadoop Job ---- 
 
  - Ignore the warning: 'WARN hdfs.DFSClient: Caught exception'
    Its a Hadoop bug described at: https://issues.apache.org/jira/browse/HDFS-10429
  
Now is t1: 1518736918
> hadoop jar ./target/grid.mr-1.0.0-fat.jar edu.ucsc.grid.mr.Driver  /data/wordcount/input  /data/wordcount/output
18/02/15 15:22:00 INFO mr.Driver: Hadoop job Plain Wordcount Job
18/02/15 15:22:00 INFO mr.Driver:  Jar file       : [/home/cloudera/workspace/grid-mr/./target/grid.mr-1.0.0-fat.jar]
18/02/15 15:22:00 INFO mr.Driver:  Job parameters : [/data/wordcount/input, /data/wordcount/output]
18/02/15 15:22:00 INFO mr.Driver: Mapper
18/02/15 15:22:00 INFO mr.Driver:   - mapper class : class edu.ucsc.grid.mr.WordcountMapper
18/02/15 15:22:00 INFO mr.Driver:   - output key class   : class org.apache.hadoop.io.Text
18/02/15 15:22:00 INFO mr.Driver:   - output value class : class org.apache.hadoop.io.IntWritable
18/02/15 15:22:00 INFO mr.Driver: Reducer
18/02/15 15:22:00 INFO mr.Driver:   - reducer class  : class edu.ucsc.grid.mr.WordcountReducer
18/02/15 15:22:00 INFO mr.Driver: Combiner
18/02/15 15:22:00 INFO mr.Driver:   - No combiner set
18/02/15 15:22:00 INFO mr.Driver: Input format class  : class org.apache.hadoop.mapreduce.lib.input.TextInputFormat
18/02/15 15:22:00 INFO mr.Driver: Output
18/02/15 15:22:00 INFO mr.Driver:   - format class : class org.apache.hadoop.mapreduce.lib.output.TextOutputFormat
18/02/15 15:22:00 INFO mr.Driver:   - key class    : class org.apache.hadoop.io.Text
18/02/15 15:22:00 INFO mr.Driver:   - value class  : class org.apache.hadoop.io.IntWritable
18/02/15 15:22:00 INFO mr.Driver: HDFS locations
18/02/15 15:22:00 INFO mr.Driver:   - Input  : /data/wordcount/input
18/02/15 15:22:00 INFO mr.Driver:   - Output : /data/wordcount/output
18/02/15 15:22:00 INFO client.RMProxy: Connecting to ResourceManager at quickstart.cloudera/127.0.0.1:8032
18/02/15 15:22:01 WARN mapreduce.JobResourceUploader: Hadoop command-line option parsing not performed. Implement the Tool interface and execute your application with ToolRunner to remedy this.
18/02/15 15:22:01 INFO input.FileInputFormat: Total input paths to process : 3
18/02/15 15:22:01 INFO mapreduce.JobSubmitter: number of splits:3
18/02/15 15:22:02 INFO mapreduce.JobSubmitter: Submitting tokens for job: job_1518722462579_0030
18/02/15 15:22:02 INFO impl.YarnClientImpl: Submitted application application_1518722462579_0030
18/02/15 15:22:02 INFO mapreduce.Job: The url to track the job: http://quickstart.cloudera:8088/proxy/application_1518722462579_0030/
18/02/15 15:22:02 INFO mapreduce.Job: Running job: job_1518722462579_0030
18/02/15 15:22:18 INFO mapreduce.Job: Job job_1518722462579_0030 running in uber mode : false
18/02/15 15:22:18 INFO mapreduce.Job:  map 0% reduce 0%
18/02/15 15:22:44 INFO mapreduce.Job:  map 33% reduce 0%
18/02/15 15:23:31 INFO mapreduce.Job:  map 67% reduce 0%
18/02/15 15:24:44 INFO mapreduce.Job:  map 100% reduce 0%
18/02/15 15:31:59 INFO mapreduce.Job:  map 100% reduce 100%
18/02/15 15:32:00 INFO mapreduce.Job: Job job_1518722462579_0030 completed successfully
18/02/15 15:32:00 INFO mapreduce.Job: Counters: 49
	File System Counters
		FILE: Number of bytes read=505
		FILE: Number of bytes written=515684
		FILE: Number of read operations=0
		FILE: Number of large read operations=0
		FILE: Number of write operations=0
		HDFS: Number of bytes read=775
		HDFS: Number of bytes written=388
		HDFS: Number of read operations=12
		HDFS: Number of large read operations=0
		HDFS: Number of write operations=2
	Job Counters 
		Launched map tasks=3
		Launched reduce tasks=1
		Data-local map tasks=3
		Total time spent by all maps in occupied slots (ms)=68006400
		Total time spent by all reduces in occupied slots (ms)=27587072
		Total time spent by all map tasks (ms)=132825
		Total time spent by all reduce tasks (ms)=53881
		Total vcore-milliseconds taken by all map tasks=132825
		Total vcore-milliseconds taken by all reduce tasks=53881
		Total megabyte-milliseconds taken by all map tasks=68006400
		Total megabyte-milliseconds taken by all reduce tasks=27587072
	Map-Reduce Framework
		Map input records=15
		Map output records=69
		Map output bytes=647
		Map output materialized bytes=682
		Input split bytes=399
		Combine input records=0
		Combine output records=0
		Reduce input groups=52
		Reduce shuffle bytes=682
		Reduce input records=69
		Reduce output records=52
		Spilled Records=138
		Shuffled Maps =3
		Failed Shuffles=0
		Merged Map outputs=3
		GC time elapsed (ms)=517
		CPU time spent (ms)=3660
		Physical memory (bytes) snapshot=527024128
		Virtual memory (bytes) snapshot=2979164160
		Total committed heap usage (bytes)=191889408
	Shuffle Errors
		BAD_ID=0
		CONNECTION=0
		IO_ERROR=0
		WRONG_LENGTH=0
		WRONG_MAP=0
		WRONG_REDUCE=0
	File Input Format Counters 
		Bytes Read=376
	File Output Format Counters 
		Bytes Written=388
 
----- List output in HDFS ----
 
> hdfs dfs -ls /data/wordcount/output/
Found 2 items
-rw-r--r--   1 cloudera supergroup          0 2018-02-15 15:31 /data/wordcount/output/_SUCCESS
-rw-r--r--   1 cloudera supergroup        388 2018-02-15 15:31 /data/wordcount/output/part-r-00000
 
----- Pull the results out cluster ----
 
> hdfs dfs -getmerge /data/wordcount/output /tmp/job_results.txt
 
----- List the local file ----
 
> cat /tmp/job_results.txt
A	2
An	2
And	1
Are	1
Because	1
But	1
HDFS	1
Hadoop	3
He	2
Hive	1
Impala	1
Or	1
Sqoop	1
The	1
Useful	1
an	1
and	3
anything	1
bad	1
cling	1
data	1
does	1
elegant	2
element	1
elephant	3
extraneous	1
fellow	1
forgets	1
gentle	1
gets	1
group	1
he	1
helps	1
him	1
in	1
is	4
king	2
lets	1
mad	1
mellow	1
never	2
or	1
plays	1
the	2
thing	1
thrive	1
to	1
well	1
what	1
with	1
wonderful	1
yellow	2
wait to check time spent..
