uuid?
uuid?
uuid?
uuid?
uuid?
uuid?
uuid?
uuid?
uuid?
uuid?
uuid?
uuid?
uuid?
uuid?
uuid?
uuid?
uuid?
uuid?
uuid?
uuid?
uuid?
uuid?
uuid?
uuid?
uuid?
uuid?
uuid?
uuid?
uuid?
uuid?
uuid?
uuid?
uuid?
uuid?
uuid?
uuid?
uuid?
uuid?
uuid?
uuid?
uuid?
uuid?
uuid?
uuid?
uuid?
uuid?
uuid?
uuid?
uuid?
uuid?
uuid?
uuid?
uuid?
uuid?
uuid?
uuid?
uuid?
uuid?
uuid?
uuid?
uuid?
uuid?
uuid?
uuid?
uuid?
uuid?
uuid?
uuid?
uuid?
uuid?
uuid?
uuid?
uuid?
uuid?
uuid?
uuid?
uuid?
uuid?
uuid?
uuid?
uuid?
uuid?
uuid?
uuid?
uuid?
uuid?
uuid?
uuid?
uuid?
uuid?
uuid?
uuid?
uuid?
Done in 4703 milliseconds 
jaguar:test> jaguar:test> 

 ===> Ending time is t2: 1517568013, Fri Feb  2 02:40:13 PST 2018

Total time in second: 13237
Total time in hour:min:sec: 3:40:37 
