Table column_default2 is created successfully
table test.column_default2
(
  key:
    id uuid,
  value:
    a int DEFAULT '0',
    b char(16) DEFAULT 'b',
    bitv bit DEFAULT b'1',
    bitm bit DEFAULT b'0',
    tm1 timestamp DEFAULT CURRENT_TIMESTAMP,
    tm2 timestamp DEFAULT CURRENT_TIMESTAMP ON UPDATE CURRENT_TIMESTAMP,
    tm3 timestamp ON UPDATE CURRENT_TIMESTAMP,
    spare_ char(36)
);

test.column_default2 contains 7 rows
id:[1] a:[0] b:[b] bitv:[1] bitm:[0] tm1:[2018-01-16 21:05:19.654206] tm2:[2018-01-16 21:05:19.654206] tm3:[1969-12-31 16:00:00.000000] 
id:[2] a:[1] b:[1] bitv:[1] bitm:[1] tm1:[1969-12-31 16:00:00.000001] tm2:[1969-12-31 16:00:00.000001] tm3:[1969-12-31 16:00:00.000001] 
id:[32rQITZjiaVYs0zeC7MaVCAIKD45696623665519] a:[0] b:[b] bitv:[1] bitm:[0] tm1:[2018-01-16 21:05:19.654186] tm2:[2018-01-16 21:05:19.654186] tm3:[1969-12-31 16:00:00.000000] 
id:[9uHo22fvjAQLYPAh1iMN4fqNXoW5696623665519] a:[0] b:[b] bitv:[1] bitm:[0] tm1:[2018-01-16 21:05:19.654126] tm2:[2018-01-16 21:05:19.654126] tm3:[1969-12-31 16:00:00.000000] 
id:[GsbCrbCFi5BNBzyAOSqN74lEGcV5696623665519] a:[0] b:[b] bitv:[1] bitm:[0] tm1:[2018-01-16 21:05:19.654167] tm2:[2018-01-16 21:05:19.654167] tm3:[1969-12-31 16:00:00.000000] 
id:[Z11g9vWxwYL1hlP0hEywDQhpSwN5696623665519] a:[0] b:[b] bitv:[1] bitm:[0] tm1:[2018-01-16 21:05:19.654147] tm2:[2018-01-16 21:05:19.654147] tm3:[1969-12-31 16:00:00.000000] 
id:[ymTuhnnsnYQlcKvOMvELIY93D5j5696623665519] a:[0] b:[b] bitv:[1] bitm:[0] tm1:[2018-01-16 21:05:19.654090] tm2:[2018-01-16 21:05:19.654090] tm3:[1969-12-31 16:00:00.000000] 
