
1. Create table and load data
Jaguar Server 2.8.4.1 139621295904512 / Client 2.8.4.1

jaguar:test> jaguar:test> Table column_default is dropped successfully
Done in 9 milliseconds 
jaguar:test> jaguar:test> Done in 278 microseconds 
jaguar:test> jaguar:test> Done in 5 milliseconds 
jaguar:test> jaguar:test> Done in 366 microseconds 
jaguar:test> jaguar:test> Done in 8 microseconds 
jaguar:test> Done in 5 microseconds 
jaguar:test> Done in 5 microseconds 
jaguar:test> Done in 4 microseconds 
jaguar:test> Done in 4 microseconds 
jaguar:test> Done in 7 microseconds 
jaguar:test> Done in 6 microseconds 
jaguar:test> Done in 4 microseconds 
jaguar:test> Done in 6 microseconds 
jaguar:test> Done in 5 microseconds 
jaguar:test> Done in 4 microseconds 
jaguar:test> jaguar:test> jaguar:test> jaguar:test> Done in 17 milliseconds (11 rows) 
jaguar:test> jaguar:test> Done in 13 microseconds 
jaguar:test> 
2. Check Correctness...
============================== 

17,27c17,27
< emp_id:[101] first_name:[Jason] last_name:[Zhang] zip_code:[94588] age:[20] sex:[M] category:[1] uuid:[9g51ZUqbkscxDMTzO6azAk8d3bz5696619665515] 
< emp_id:[102] first_name:[Andrew] last_name:[Zhang] zip_code:[94588] age:[9] sex:[M] category:[1] uuid:[eXgNrxa7TLSjly74upZXgFmH7Oj5696619665515] 
< emp_id:[103] first_name:[Sherry] last_name:[] zip_code:[94588] age:[9] sex:[F] category:[1] uuid:[8Pdf3auOCZXHTIAc46j6AG6xWJR5696619665515] 
< emp_id:[104] first_name:[Jerry] last_name:[] zip_code:[94588] age:[23] sex:[h] category:[0] uuid:[CQEVWr69seDgODdwwW6GYcX4KD85696619665515] 
< emp_id:[105] first_name:[Kevein] last_name:[] zip_code:[94588] age:[9] sex:[M] category:[0] uuid:[fxP59FJ2z88JAlkQ9X2FrWJ7ST45696619665515] 
< emp_id:[106] first_name:[Kevein] last_name:[] zip_code:[94588] age:[9] sex:[M] category:[0] uuid:[UBF1RdQWmuDn3LtKlO39YY9Bq3j5696619665515] 
< emp_id:[107] first_name:[Kevein] last_name:[] zip_code:[94588] age:[9] sex:[M] category:[0] uuid:[vVayOMbPDoFxJ7a49TxRcmUliTt5696619665515] 
< emp_id:[108] first_name:[Kevein] last_name:[] zip_code:[94588] age:[9] sex:[M] category:[1] uuid:[RhwaKslgg5s3IOGdvOlzXe7MqrH5696619665515] 
< emp_id:[109] first_name:[Kevein] last_name:[] zip_code:[94588] age:[9] sex:[M] category:[1] uuid:[JJycyNJJv92Mn7cqN060uUj3Px85696619665515] 
< emp_id:[1011] first_name:[Mike] last_name:[] zip_code:[94588] age:[40] sex:[m1] category:[0] uuid:[whnGoDLpAFQLYiVvTHorusB12W75696619665515] 
< emp_id:[1012] first_name:[Vinod] last_name:[] zip_code:[94588] age:[40] sex:[zz] category:[1] uuid:[CXzhGgPRPAAw5JwR6B1uo2AmwtF5696619665515] 
---
> emp_id:[101] first_name:[Jason] last_name:[Zhang] zip_code:[94588] age:[20] sex:[M] category:[1] uuid:[Fgh1AleJsNqQ5TqRJHXhbmBXHVU5696692057703] 
> emp_id:[102] first_name:[Andrew] last_name:[Zhang] zip_code:[94588] age:[9] sex:[M] category:[1] uuid:[ROGLKVczQPDJ23PYTIjzFuFurqf5696692057703] 
> emp_id:[103] first_name:[Sherry] last_name:[] zip_code:[94588] age:[9] sex:[F] category:[1] uuid:[Dkmob94XTY7qMW3vW4jSX1bwGG95696692057703] 
> emp_id:[104] first_name:[Jerry] last_name:[] zip_code:[94588] age:[23] sex:[h] category:[0] uuid:[95xmJRH53QaYJ857SZalVfENaGX5696692057703] 
> emp_id:[105] first_name:[Kevein] last_name:[] zip_code:[94588] age:[9] sex:[M] category:[0] uuid:[HkDOtGmOpdvvelDc2Jf9BchW5uz5696692057703] 
> emp_id:[106] first_name:[Kevein] last_name:[] zip_code:[94588] age:[9] sex:[M] category:[0] uuid:[TFdOkxp8Z5uNtGgWSBz3BgiKRvZ5696692057703] 
> emp_id:[107] first_name:[Kevein] last_name:[] zip_code:[94588] age:[9] sex:[M] category:[0] uuid:[Lyukr9xdt5CB2G4N9I35ACEDdUU5696692057703] 
> emp_id:[108] first_name:[Kevein] last_name:[] zip_code:[94588] age:[9] sex:[M] category:[1] uuid:[VJnUuVoNlvkyYn9ynPCaYkd1UPD5696692057703] 
> emp_id:[109] first_name:[Kevein] last_name:[] zip_code:[94588] age:[9] sex:[M] category:[1] uuid:[w0vqVeLOGGctZIMyE9HcxuOFs6T5696692057703] 
> emp_id:[1011] first_name:[Mike] last_name:[] zip_code:[94588] age:[40] sex:[m1] category:[0] uuid:[VfqPUF6Vdp8WSTmIYd6PXNLeW7N5696692057703] 
> emp_id:[1012] first_name:[Vinod] last_name:[] zip_code:[94588] age:[40] sex:[zz] category:[1] uuid:[tZG6vHBTANCotizVifHOTOt4jXQ5696692057703] 

Failure comparing /home/andrew/t/azhang/jaguarqa/work/column_default1.out
End of test column_default1.sh
