
1. Create table and load data
Jaguar Server 2.8.4.1 139624090535680 / Client 2.8.4.1

jaguar:test> jaguar:test> jaguar:test> jaguar:test> Table column_default2 is dropped successfully
Done in 9 milliseconds 
jaguar:test> jaguar:test> Done in 285 microseconds 
jaguar:test> jaguar:test> Done in 5 milliseconds 
jaguar:test> jaguar:test> Done in 429 microseconds 
jaguar:test> jaguar:test> Done in 8 microseconds 
jaguar:test> Done in 5 microseconds 
jaguar:test> Done in 6 microseconds 
jaguar:test> Done in 7 microseconds 
jaguar:test> Done in 7 microseconds 
jaguar:test> jaguar:test> Done in 4 microseconds 
jaguar:test> Done in 5 microseconds 
jaguar:test> jaguar:test> jaguar:test> jaguar:test> Done in 198 microseconds 
jaguar:test> Done in 18 milliseconds (7 rows) 
jaguar:test> jaguar:test> Done in 14 microseconds 
jaguar:test> 
2. Check Correctness...
============================== 

18c18
< id:[1] a:[0] b:[b] bitv:[1] bitm:[0] tm1:[2018-01-16 21:05:19.654206] tm2:[2018-01-16 21:05:19.654206] tm3:[1969-12-31 16:00:00.000000] 
---
> id:[1] a:[0] b:[b] bitv:[1] bitm:[0] tm1:[2018-01-16 20:38:16.648905] tm2:[2018-01-16 20:38:16.648905] tm3:[1969-12-31 16:00:00.000000] 
20,24c20,24
< id:[32rQITZjiaVYs0zeC7MaVCAIKD45696623665519] a:[0] b:[b] bitv:[1] bitm:[0] tm1:[2018-01-16 21:05:19.654186] tm2:[2018-01-16 21:05:19.654186] tm3:[1969-12-31 16:00:00.000000] 
< id:[9uHo22fvjAQLYPAh1iMN4fqNXoW5696623665519] a:[0] b:[b] bitv:[1] bitm:[0] tm1:[2018-01-16 21:05:19.654126] tm2:[2018-01-16 21:05:19.654126] tm3:[1969-12-31 16:00:00.000000] 
< id:[GsbCrbCFi5BNBzyAOSqN74lEGcV5696623665519] a:[0] b:[b] bitv:[1] bitm:[0] tm1:[2018-01-16 21:05:19.654167] tm2:[2018-01-16 21:05:19.654167] tm3:[1969-12-31 16:00:00.000000] 
< id:[Z11g9vWxwYL1hlP0hEywDQhpSwN5696623665519] a:[0] b:[b] bitv:[1] bitm:[0] tm1:[2018-01-16 21:05:19.654147] tm2:[2018-01-16 21:05:19.654147] tm3:[1969-12-31 16:00:00.000000] 
< id:[ymTuhnnsnYQlcKvOMvELIY93D5j5696623665519] a:[0] b:[b] bitv:[1] bitm:[0] tm1:[2018-01-16 21:05:19.654090] tm2:[2018-01-16 21:05:19.654090] tm3:[1969-12-31 16:00:00.000000] 
---
> id:[95xmJRH53QaYJ857SZalVfENaGX5696672063896] a:[0] b:[b] bitv:[1] bitm:[0] tm1:[2018-01-16 20:38:16.648883] tm2:[2018-01-16 20:38:16.648883] tm3:[1969-12-31 16:00:00.000000] 
> id:[Dkmob94XTY7qMW3vW4jSX1bwGG95696672063896] a:[0] b:[b] bitv:[1] bitm:[0] tm1:[2018-01-16 20:38:16.648863] tm2:[2018-01-16 20:38:16.648863] tm3:[1969-12-31 16:00:00.000000] 
> id:[Fgh1AleJsNqQ5TqRJHXhbmBXHVU5696672063896] a:[0] b:[b] bitv:[1] bitm:[0] tm1:[2018-01-16 20:38:16.648781] tm2:[2018-01-16 20:38:16.648781] tm3:[1969-12-31 16:00:00.000000] 
> id:[ROGLKVczQPDJ23PYTIjzFuFurqf5696672063896] a:[0] b:[b] bitv:[1] bitm:[0] tm1:[2018-01-16 20:38:16.648842] tm2:[2018-01-16 20:38:16.648842] tm3:[1969-12-31 16:00:00.000000] 
> id:[VfqPUF6Vdp8WSTmIYd6PXNLeW7N5696672063896] a:[0] b:[b] bitv:[1] bitm:[0] tm1:[2018-01-16 20:38:16.648818] tm2:[2018-01-16 20:38:16.648818] tm3:[1969-12-31 16:00:00.000000] 

Failure comparing /home/andrew/t/azhang/jaguarqa/work/column_default2.out
End of test column_default2.sh
