
1. Create table and load data
Jaguar Server 2.8.4.1 139624098940672 / Client 2.8.4.1

jaguar:test> jaguar:test> jaguar:test> Table function1 is dropped successfully
Done in 10 milliseconds 
jaguar:test> jaguar:test> Done in 303 microseconds 
jaguar:test> jaguar:test> Done in 4 milliseconds 
jaguar:test> jaguar:test> Done in 311 microseconds 
jaguar:test> jaguar:test> Done in 574 milliseconds 
jaguar:test> jaguar:test> jaguar:test> jaguar:test> jaguar:test> Done in 459 microseconds 
jaguar:test> jaguar:test> jaguar:test> Done in 40 milliseconds (1 row) 
jaguar:test> Done in 40 milliseconds (1 row) 
jaguar:test> Done in 38 milliseconds (1 row) 
jaguar:test> Done in 33 milliseconds (1 row) 
jaguar:test> Done in 32 milliseconds (1 row) 
jaguar:test> Done in 32 milliseconds (1 row) 
jaguar:test> Done in 48 milliseconds (1 row) 
jaguar:test> Done in 30 milliseconds (1 row) 
jaguar:test> Done in 29 milliseconds (1 row) 
jaguar:test> Done in 22 milliseconds (3 rows) 
jaguar:test> Done in 20 milliseconds (3 rows) 
jaguar:test> error: Invalid command [select upper(id_num)  from test.function1 limit r32;]. Please check its syntax. -2570 [20]
jaguar:test> jaguar:test> Done in 20 milliseconds (3 rows) 
jaguar:test> Done in 20 milliseconds (3 rows) 
jaguar:test> jaguar:test> Done in 21 milliseconds (3 rows) 
jaguar:test> jaguar:test> Done in 20 milliseconds (3 rows) 
jaguar:test> Done in 20 milliseconds (3 rows) 
jaguar:test> Done in 20 milliseconds (3 rows) 
jaguar:test> jaguar:test> Done in 20 milliseconds (3 rows) 
jaguar:test> Done in 21 milliseconds (3 rows) 
jaguar:test> Done in 21 milliseconds (3 rows) 
jaguar:test> Done in 20 milliseconds (3 rows) 
jaguar:test> jaguar:test> Done in 21 milliseconds (3 rows) 
jaguar:test> jaguar:test> jaguar:test> Done in 20 milliseconds (3 rows) 
jaguar:test> jaguar:test> Done in 21 milliseconds (3 rows) 
jaguar:test> Done in 20 milliseconds (3 rows) 
jaguar:test> Done in 21 milliseconds (3 rows) 
jaguar:test> Done in 21 milliseconds (3 rows) 
jaguar:test> jaguar:test> Done in 20 milliseconds (3 rows) 
jaguar:test> error: Invalid command [select substr(random1, 2, 4, 'UTF8')  from test.function1 limit 3select substring(random1, 2, 4, 'utf8')  from test.function1 limit 3;]. Please check its syntax. -2570 [20]
jaguar:test> Done in 21 milliseconds (3 rows) 
jaguar:test> jaguar:test> Done in 21 milliseconds (3 rows) 
jaguar:test> Done in 20 milliseconds (3 rows) 
jaguar:test> jaguar:test> Done in 21 milliseconds (3 rows) 
jaguar:test> jaguar:test> Done in 21 milliseconds (3 rows) 
jaguar:test> Done in 20 milliseconds (3 rows) 
jaguar:test> jaguar:test> Done in 21 milliseconds (3 rows) 
jaguar:test> Done in 20 milliseconds (3 rows) 
jaguar:test> jaguar:test> Done in 13 milliseconds 
jaguar:test> Done in 6 milliseconds 
jaguar:test> Done in 364 microseconds 
jaguar:test> jaguar:test> Done in 8 microseconds 
jaguar:test> jaguar:test> jaguar:test> Done in 18 milliseconds (1 row) 
jaguar:test> jaguar:test> Done in 17 milliseconds (1 row) 
jaguar:test> Done in 16 milliseconds (1 row) 
jaguar:test> jaguar:test> jaguar:test> Done in 36 microseconds 
jaguar:test> 
2. Check Correctness...
============================== 


Success comparing /home/andrew/t/azhang/jaguarqa/work/function1.out
End of test function1.sh
