Table column_default2 is created successfully
table test.column_default2
(
  key:
    id uuid,
  value:
    a int DEFAULT '0',
    b char(16) DEFAULT 'b',
    bitv bit DEFAULT b'1',
    bitm bit DEFAULT b'0',
    tm1 timestamp DEFAULT CURRENT_TIMESTAMP,
    tm2 timestamp DEFAULT CURRENT_TIMESTAMP ON UPDATE CURRENT_TIMESTAMP,
    tm3 timestamp ON UPDATE CURRENT_TIMESTAMP,
    spare_ char(36)
);

test.column_default2 contains 7 rows
id:[0uWTtYaoXCev7NwTC6rEO5MNrpi5696675487253] a:[0] b:[b] bitv:[1] bitm:[0] tm1:[2018-01-29 20:40:53.023190] tm2:[2018-01-29 20:40:53.023190] tm3:[1969-12-31 16:00:00.000000] 
id:[1] a:[0] b:[b] bitv:[1] bitm:[0] tm1:[2018-01-29 20:40:53.023311] tm2:[2018-01-29 20:40:53.023311] tm3:[1969-12-31 16:00:00.000000] 
id:[2] a:[1] b:[1] bitv:[1] bitm:[1] tm1:[1969-12-31 16:00:00.000001] tm2:[1969-12-31 16:00:00.000001] tm3:[1969-12-31 16:00:00.000001] 
id:[ATM2ls0s4TBU9hnkVqPRm4zVka15696675487253] a:[0] b:[b] bitv:[1] bitm:[0] tm1:[2018-01-29 20:40:53.023289] tm2:[2018-01-29 20:40:53.023289] tm3:[1969-12-31 16:00:00.000000] 
id:[WX4epxFV0zlkUKND3QzQ0g81zxu5696675487253] a:[0] b:[b] bitv:[1] bitm:[0] tm1:[2018-01-29 20:40:53.023248] tm2:[2018-01-29 20:40:53.023248] tm3:[1969-12-31 16:00:00.000000] 
id:[sIY9ETbQiGvbE3wYXfKziA68zmh5696675487253] a:[0] b:[b] bitv:[1] bitm:[0] tm1:[2018-01-29 20:40:53.023269] tm2:[2018-01-29 20:40:53.023269] tm3:[1969-12-31 16:00:00.000000] 
id:[uvrwtUsmnpvJk5VNaJi3josVbwH5696675487253] a:[0] b:[b] bitv:[1] bitm:[0] tm1:[2018-01-29 20:40:53.023225] tm2:[2018-01-29 20:40:53.023225] tm3:[1969-12-31 16:00:00.000000] 
