Table column_default2 is created successfully
table test.column_default2
(
  key:
    id uuid,
  value:
    a int DEFAULT '0',
    b char(16) DEFAULT 'b',
    bitv bit DEFAULT b'1',
    bitm bit DEFAULT b'0',
    tm1 timestamp DEFAULT CURRENT_TIMESTAMP,
    tm2 timestamp DEFAULT CURRENT_TIMESTAMP ON UPDATE CURRENT_TIMESTAMP,
    tm3 timestamp ON UPDATE CURRENT_TIMESTAMP,
    spare_ char(36)
);

test.column_default2 contains 7 rows
id:[71StJVyDNlOIAE8CrkF44yE9EYw7145822452843] a:[0] b:[b] bitv:[1] bitm:[0] tm1:[2018-01-09 18:54:03.997886] tm2:[2018-01-09 18:54:03.997886] tm3:[1969-12-31 16:00:00.000000] 
id:[p2qVkZuQG4eQjxweBwWm8ffk0qa7145822452843] a:[0] b:[b] bitv:[1] bitm:[0] tm1:[2018-01-09 18:54:03.998024] tm2:[2018-01-09 18:54:03.998024] tm3:[1969-12-31 16:00:00.000000] 
id:[1] a:[0] b:[b] bitv:[1] bitm:[0] tm1:[2018-01-09 18:54:03.998202] tm2:[2018-01-09 18:54:03.998202] tm3:[1969-12-31 16:00:00.000000] 
id:[2] a:[1] b:[1] bitv:[1] bitm:[1] tm1:[1969-12-31 16:00:00.000001] tm2:[1969-12-31 16:00:00.000001] tm3:[1969-12-31 16:00:00.000001] 
id:[Cb1KYGjeNTTKMxcwRDr0qSGrUPl7145822452843] a:[0] b:[b] bitv:[1] bitm:[0] tm1:[2018-01-09 18:54:03.998129] tm2:[2018-01-09 18:54:03.998129] tm3:[1969-12-31 16:00:00.000000] 
id:[PHzg6BGZTErJktXbNsF14bVohbB7145822452843] a:[0] b:[b] bitv:[1] bitm:[0] tm1:[2018-01-09 18:54:03.998078] tm2:[2018-01-09 18:54:03.998078] tm3:[1969-12-31 16:00:00.000000] 
id:[hBByJAqahjGU41IMClTcKdSPhot7145822452843] a:[0] b:[b] bitv:[1] bitm:[0] tm1:[2018-01-09 18:54:03.997970] tm2:[2018-01-09 18:54:03.997970] tm3:[1969-12-31 16:00:00.000000] 
