Table column_default is created successfully
table test.column_default
(
  key:
    emp_id int,
  value:
    first_name char(10),
    last_name char(10),
    zip_code char(5),
    age int DEFAULT '9',
    sex char(2) DEFAULT 'M',
    category bit DEFAULT b'1',
    uuid uuid,
    spare_ char(27)
);

emp_id:[101] first_name:[Jason] last_name:[Zhang] zip_code:[94588] age:[20] sex:[M] category:[1] uuid:[ork0d66STYkix94ZklLNlcwgdFV5696670387248] 
emp_id:[102] first_name:[Andrew] last_name:[Zhang] zip_code:[94588] age:[9] sex:[M] category:[1] uuid:[QvYJuqtPfFp358WlIMTzaDuvFIB5696670387248] 
emp_id:[103] first_name:[Sherry] last_name:[] zip_code:[94588] age:[9] sex:[F] category:[1] uuid:[siTO6mMPRbiEqY3t1cnmSafrkRT5696670387248] 
emp_id:[104] first_name:[Jerry] last_name:[] zip_code:[94588] age:[23] sex:[h] category:[0] uuid:[NuAoXSfJWzvLqE124Z6w0gTk63y5696670387248] 
emp_id:[105] first_name:[Kevein] last_name:[] zip_code:[94588] age:[9] sex:[M] category:[0] uuid:[ylnr8PZuMRHtNhZwFByIGvMau035696670387248] 
emp_id:[106] first_name:[Kevein] last_name:[] zip_code:[94588] age:[9] sex:[M] category:[0] uuid:[M65iEoF4vt3XdTFHEUE9zfHfVa15696670387248] 
emp_id:[107] first_name:[Kevein] last_name:[] zip_code:[94588] age:[9] sex:[M] category:[0] uuid:[5EZ7p6cHIylK3OM11FEIhymq7C55696670387248] 
emp_id:[108] first_name:[Kevein] last_name:[] zip_code:[94588] age:[9] sex:[M] category:[1] uuid:[lvekBSkGhqQX6oiRq6Dr7g5OvDa5696670387248] 
emp_id:[109] first_name:[Kevein] last_name:[] zip_code:[94588] age:[9] sex:[M] category:[1] uuid:[UIKZ3gdoP4Ivj6lgcHw17CCwISB5696670387248] 
emp_id:[1011] first_name:[Mike] last_name:[] zip_code:[94588] age:[40] sex:[m1] category:[0] uuid:[1sMkQcCOpJUgAQASnKVl4g6Pzil5696670387248] 
emp_id:[1012] first_name:[Vinod] last_name:[] zip_code:[94588] age:[40] sex:[zz] category:[1] uuid:[wmcEgVpdWDpisr0VK4eZfVvg16T5696670387248] 
