Database jag_data_load exists already or create error
Database is NOT changed
Table data_load is created successfully
table test.data_load
(
  key:
    uid char(32),
  value:
    v1 char(16),
    v2 char(16),
    v3 char(16),
    spare_ char(24)
);

test.data_load contains 10005 rows
uid:[Dpple01234567890] v1:[green31234567890] v2:[sweetsweet312345] v3:[Apple31234567890] 
create table test.data_load
(
  key:
    uid char(32),
  value:
    v1 char(16),
    v2 char(16),
    v3 char(16),
    spare_ char(24)
);

Database is changed successfully
