Table function1 is created successfully
table test.function1
(
  key:
    id_num char(32),
    random1 double(30,28),
    random2 double(30,28),
    random3 double(30,28),
    random4 double(30,28),
    random5 double(30,28),
  value:
    spare_ char(57)
);

test.function1 contains 10000 rows
sum(random1):[501299.554972] 
sum_random1:[501299.554972] 
avg(random1):[50.129957] 
min(random1):[0.067292] 
max(random1):[99.981040] 
count(random1):[10000.000000] 
stddev(random1):[29.010637] 
first(random1):[25.568762] 
last(random1):[92.057631] 
abs(random1):[25.568762] 
abs(random1):[0.881132] 
abs(random1):[73.076640] 
acos(random1):[0.000000] 
acos(random1):[0.492546] 
acos(random1):[0.000000] 
substring(random1,1 ,3 ):[25.000000] 
substring(random1,1 ,3 ):[0.000000] 
substring(random1,1 ,3 ):[73.000000] 
date(random1 ):[87.000000] 
date(random1 ):[11.000000] 
date(random1 ):[66.000000] 
cos(random1):[0.906440] sin(random2):[-0.997798] 
cos(random1):[0.636278] sin(random2):[0.565867] 
cos(random1):[-0.682215] sin(random2):[0.029089] 
ceil(random1):[26.000000] 
ceil(random1):[1.000000] 
ceil(random1):[74.000000] 
cos(random1):[0.906440] 
cos(random1):[0.636278] 
cos(random1):[-0.682215] 
floor(random1):[25.000000] 
floor(random1):[0.000000] 
floor(random1):[73.000000] 
log(random1):[3.241371] 
log(random1):[-0.126548] 
log(random1):[4.291509] 
log2(random1):[4.676310] 
log2(random1):[-0.182570] 
log2(random1):[6.191338] 
log10(random1):[1.407710] 
log10(random1):[-0.054959] 
log10(random1):[1.863779] 
ln(random1):[3.241371] 
ln(random1):[-0.126548] 
ln(random1):[4.291509] 
mod(random1, random2):[25.568762] 
mod(random1, random2):[0.881132] 
mod(random1, random2):[13.415473] 
radians(random1):[0.446259] 
radians(random1):[0.015379] 
radians(random1):[1.275428] 
degrees(random1):[1464.982130] 
degrees(random1):[50.485136] 
degrees(random1):[4186.983056] 
sin(random2):[-0.997798] 
sin(random2):[0.565867] 
sin(random2):[0.029089] 
sqrt(random1):[5.056556] 
sqrt(random1):[0.938686] 
sqrt(random1):[8.548488] 
tan(random1):[0.465928] 
tan(random1):[1.212456] 
tan(random1):[1.071733] 
substr(random1, 2, 4):[25.500000] 
substr(random1, 2, 4):[0.800000] 
substr(random1, 2, 4):[73.000000] 
substring(random1, 2, 4):[25.500000] 
substring(random1, 2, 4):[0.800000] 
substring(random1, 2, 4):[73.000000] 
upper(id_num):[ID10] 
upper(id_num):[ID100] 
upper(id_num):[ID1005] 
lower(id_num):[id10] 
lower(id_num):[id100] 
lower(id_num):[id1005] 
ltrim(id_num):[ID10] 
ltrim(id_num):[ID100] 
ltrim(id_num):[ID1005] 
rtrim(id_num):[ID10] 
rtrim(id_num):[ID100] 
rtrim(id_num):[ID1005] 
trim(id_num):[ID10] 
trim(id_num):[ID100] 
trim(id_num):[ID1005] 
length(random5):[9.000000] 
length(random5):[9.000000] 
length(random5):[9.000000] 
length(id_num):[32.000000] 
length(id_num):[32.000000] 
length(id_num):[32.000000] 
Table function1_pow is created successfully
table test.function1_pow
(
  key:
    id_num char(32),
    random1 double(30,28),
    random2 double(30,28),
    random3 double(30,28),
  value:
    spare_ char(38)
);

id_num:[ID67] random1:[2.000000] random2:[4.000000] random3:[16.000000] 
pow(random1, random2):[16.000000] 
pow(random1, random3):[65536.000000] 
