
1. Create table and load data
Jaguar Server 2.8.8 / Client 2.8.8

jaguar:test> jaguar:test> jaguar:test> jaguar:test> Done in 3 milliseconds 
jaguar:test> jaguar:test> Done in 157 microseconds 
jaguar:test> jaguar:test> Done in 3 milliseconds 
jaguar:test> jaguar:test> Done in 234 microseconds 
jaguar:test> jaguar:test> Done in 4 milliseconds 
jaguar:test> Done in 4 milliseconds 
jaguar:test> Done in 19 milliseconds 
jaguar:test> jaguar:test> jaguar:test> jaguar:test> Done in 16 milliseconds (3 rows) 
jaguar:test> Done in 123 microseconds 
jaguar:test> Done in 15 milliseconds (3 rows) 
jaguar:test> jaguar:test> jaguar:test> jaguar:test> Done in 2 milliseconds 
jaguar:test> Done in 3 milliseconds 
jaguar:test> Done in 15 milliseconds 
jaguar:test> jaguar:test> Done in 15 microseconds 
jaguar:test> 
2. Check Correctness...
============================== 

8c8
<     spare_ char(25)
---
>     spare_ char(44)

Failure comparing /home/andrew/jaguarqa/work/image1.out

Success comparing /home/andrew/jaguarqa/work/image2.out

End of test!
