ssh ssd /home/andrew/jaguar/bin/jaguarstop
ssh ssd /home/andrew/jaguar/bin/jaguarstatus
jaguar server is running on ssd
jaguarstatus_on_all_hosts.sh  total hosts=1  jaguar on=1  jaguar off=0
Jaguar on hosts:  ssd

Shutdown of jaguar server on current host ssd ...
Tue Mar  6 14:25:05 PST 2018
There are still 1 jaguar servers running, wait ...
Tue Mar  6 14:25:10 PST 2018

ssh ssd /home/andrew/jaguar/bin/jaguarstatus
jaguar server is NOT running on ssd
jaguarstatus_on_all_hosts.sh  total hosts=1  jaguar on=0  jaguar off=1
Jaguar off hosts:  ssd
Jaguar database server has been stopped on all 1 hosts
ssh ssd /home/andrew/jaguar/bin/jaguarstart
Jaguar database server is being started on all hosts ...
 
jaguar server is running on ssd

1. Create table and load data
Jaguar Server 2.8.9 / Client 2.8.9

jaguar:test> jaguar:test> Table import_export does not exist or is dropped/truncated by another client or drop error
Done in 3 milliseconds 
jaguar:test> Done in 238 microseconds 
jaguar:test> jaguar:test> Done in 3 milliseconds 
jaguar:test> jaguar:test> Done in 492 milliseconds 
jaguar:test> jaguar:test> Done in 210 microseconds 
jaguar:test> 

2-1. export by jagexportcsv...

Tue Mar  6 14:25:35 PST 2018

Jaguar Server 2.8.9 / Client 2.8.9

jaguar:test> spool /home/andrew/jaguarqa/work/test.import_export.csv;
Done in 62 microseconds 
jaguar:test> select * from test.import_export timeout 1000000 exportcsv;
Done in 50 milliseconds (10005 rows) 
jaguar:test> spool off;
Done in 176 microseconds 
jaguar:test> quit;
Done
Exported CSV data is saved in 
The exported file can be imported back to database with the command:

    ./jagimportcsv -d test -t test.import_export -f /home/andrew/jaguarqa/work/test.import_export.csv

Tue Mar  6 14:25:36 PST 2018

2-2. Clean data...
============================== 

Jaguar Server 2.8.9 / Client 2.8.9

jaguar:test> jaguar:test> Done in 72 microseconds 
jaguar:test> Done in 5 milliseconds 
jaguar:test> jaguar:test> Done in 188 microseconds 
jaguar:test> 

2-3. Import by jagimportsql...
============================== 

Tue Mar  6 14:25:53 PST 2018
Jaguar Server 2.8.9 / Client 2.8.9

jaguar:test> load /home/andrew/jaguarqa/work/test.import_export.csv into test.import_export quote terminated by '"' ;
Done in 468 milliseconds 
jaguar:test> quit;
Tue Mar  6 14:25:54 PST 2018

2-4. Check Correctness...
============================== 

Jaguar Server 2.8.9 / Client 2.8.9

jaguar:test> jaguar:test> Done in 78 microseconds 
jaguar:test> jaguar:test> Done in 142 microseconds 
jaguar:test> Done in 22 milliseconds (1 row) 
jaguar:test> Done in 21 milliseconds (1 row) 
jaguar:test> jaguar:test> Done in 16 microseconds 
jaguar:test> 

2-5. Compare results 
================================== 
End of test import_export_sql.sh
