ssh 192.168.7.120 /home/andrew/jaguar/bin/jaguarstop
ssh 192.168.7.120 /home/andrew/jaguar/bin/jaguarstatus
jaguar server is running on ssd
jaguarstatus_on_all_hosts.sh  total hosts=1  jaguar on=1  jaguar off=0

Shutdown of jaguar server on current host ssd ...
Mon Dec  4 19:37:24 PST 2017
There are still 1 jaguar servers running, wait ...
Mon Dec  4 19:37:29 PST 2017

ssh 192.168.7.120 /home/andrew/jaguar/bin/jaguarstatus
jaguar server is NOT running on ssd
jaguarstatus_on_all_hosts.sh  total hosts=1  jaguar on=0  jaguar off=1
Jaguar off hosts:  192.168.7.120
Jaguar database has been stopped on all 1 hosts
ssh 192.168.7.120 /home/andrew/jaguar/bin/jaguarstart
Jaguar database server is being started on all hosts ...
jaguar server is running on ssd

1. Create table and load data
============================== 

Jaguar Server 2.8.3.1 139857641658112 / Client 2.8.3.1

jaguar:test> jaguar:test> Table import_export is dropped successfully
Done in 5 milliseconds 
jaguar:test> Done in 88 microseconds 
jaguar:test> jaguar:test> Done in 3 milliseconds 
jaguar:test> jaguar:test> Done in 493 milliseconds 
jaguar:test> jaguar:test> Done in 134 microseconds 
jaguar:test> 

2-1. export by jagexportsql...

============================== 

Mon Dec  4 19:37:54 PST 2017

Jaguar Server 2.8.3.1 139857556928256 / Client 2.8.3.1

jaguar:test> spool /home/andrew/t/azhang/Jaguar_QA_Home/work/test.import_export.sql;
Done in 150 microseconds 
jaguar:test> select * from test.import_export timeout 1000000 exportsql;
Done in 47 milliseconds (10005 rows) 
jaguar:test> spool off;
Done in 238 microseconds 
jaguar:test> quit;
Done
Exported data is saved in file /home/andrew/t/azhang/Jaguar_QA_Home/work/test.import_export.sql
The exported file can be imported back to database with the command:

    ./jagimportsql /home/andrew/t/azhang/Jaguar_QA_Home/work/test.import_export.sql

Mon Dec  4 19:37:55 PST 2017

2-2. Clean data...
============================== 

Jaguar Server 2.8.3.1 139857540118272 / Client 2.8.3.1

jaguar:test> jaguar:test> Done in 15 microseconds 
jaguar:test> jaguar:test> jaguar:test> Done in 5 microseconds 
jaguar:test> 

2-3. Import by jagimportsql...
============================== 

Mon Dec  4 19:38:12 PST 2017
/home/andrew/t/azhang/Jaguar_QA_Home/work/test.import_export.sql has 1420710 bytes 
Jaguar Server 2.8.3.1 139857525409536 / Client 2.8.3.1

Done
Mon Dec  4 19:38:14 PST 2017

2-4. Check Correctness...
============================== 

Jaguar Server 2.8.3.1 139857391191808 / Client 2.8.3.1

jaguar:test> jaguar:test> Jaguar Server 2.8.3.1 139857391191808 / Client 2.8.3.1

jaguar:test> jaguar:test> Done in 36 microseconds 
jaguar:test> jaguar:test> Done in 36 microseconds 
jaguar:test> jaguar:test> Done in 145 microseconds 
jaguar:test> Done in 145 microseconds 
jaguar:test> Done in 22 milliseconds (1 row) 
jaguar:test> Done in 22 milliseconds (1 row) 
jaguar:test> Done in 21 milliseconds (1 row) 
jaguar:test> jaguar:test> Done in 21 milliseconds (1 row) 
jaguar:test> jaguar:test> Done in 62 microseconds 
jaguar:test> Done in 62 microseconds 
jaguar:test> ssh 192.168.7.120 grep selectcount /home/andrew/jaguar/log/jaguar.log
selectcount type=0 import_export keychecker=10005 diskarray=10005
selectcount type=0 import_export keychecker=10005 diskarray=10005
================================================================


2-5. Compare results 
================================ 

Success comparing /home/andrew/t/azhang/Jaguar_QA_Home/work/import_export_sql.out
Binary files /home/andrew/t/azhang/Jaguar_QA_Home/work/import_export-verification_sql.out and /home/andrew/t/azhang/Jaguar_QA_Home/bas/import_export-verification_sql.bas differ

Failure comparing /home/andrew/t/azhang/Jaguar_QA_Home/work/import_export-verification_sql.out
End of test import_export_sql.sh
