##################################
##### Jaguar Initialization  #####
##################################

# Part 1: Stop jaguar database 
##################################
ssh 192.168.7.120 /home/andrew/jaguar/bin/jaguarstop
ssh 192.168.7.120 /home/andrew/jaguar/bin/jaguarstatus
jaguar server is running on ssd
jaguarstatus_on_all_hosts.sh  total hosts=1  jaguar on=1  jaguar off=0
Jaguar on hosts:  192.168.7.120

Shutdown of jaguar server on current host ssd ...
Tue Feb 13 22:45:00 PST 2018
There are still 1 jaguar servers running, wait ...
Tue Feb 13 22:45:05 PST 2018

ssh 192.168.7.120 /home/andrew/jaguar/bin/jaguarstatus
jaguar server is NOT running on ssd
jaguarstatus_on_all_hosts.sh  total hosts=1  jaguar on=0  jaguar off=1
Jaguar off hosts:  192.168.7.120
Jaguar database has been stopped on all 1 hosts

# Part 2: Clean data and logs 
########################################
cleaning  now...
total 76
-rw------- 1 andrew andrew 31638 Jan 26 19:06 jag_data_load.err
-rw------- 1 andrew andrew   488 Jan 30 19:25 jag_delete_data.err
-rw-rw-r-- 1 andrew andrew     0 Feb 10 20:51 load.err
-rw------- 1 andrew andrew  9916 Feb 13 22:36 perflog.txt
-rw-r--r-- 1 andrew andrew     4 Feb 13 22:45 shutdown.cmd
-rw------- 1 andrew andrew 24282 Jan 29 20:41 test.err
donw with cleaning

# Part 3: Start jaguar database
#######################################
ssh 192.168.7.120 /home/andrew/jaguar/bin/jaguarstart
Jaguar database server is being started on all hosts ...
 
jaguar server is running on ssd
