Jaguar Server 2.8.5.2 140469682026240 / Client 2.8.5.2

jaguar:test> jaguar:test> Table zeppeline1_bank_2 is dropped successfully
Done in 488 milliseconds 
jaguar:test> jaguar:test> jaguar:test> Done in 10 milliseconds 
jaguar:test> jaguar:test> Done in 96 milliseconds 
jaguar:test> jaguar:test> Done in 819 microseconds 
jaguar:test> jaguar:test> Done in 348 microseconds 
jaguar:test> Load data for the number: 1th time
Load data for the number: 2th time
Load data for the number: 3th time
Load data for the number: 4th time
Load data for the number: 5th time
Load data for the number: 6th time
Load data for the number: 7th time
Load data for the number: 8th time
Load data for the number: 9th time
Load data for the number: 10th time
Load data for the number: 11th time
Load data for the number: 12th time
Load data for the number: 13th time
Load data for the number: 14th time
Load data for the number: 15th time
Load data for the number: 16th time
Load data for the number: 17th time
Load data for the number: 18th time
Load data for the number: 19th time
Load data for the number: 20th time
Load data for the number: 21th time
Load data for the number: 22th time
Load data for the number: 23th time
Load data for the number: 24th time
Load data for the number: 25th time
Load data for the number: 26th time
Load data for the number: 27th time
Load data for the number: 28th time
Load data for the number: 29th time
Load data for the number: 30th time
Load data for the number: 31th time
Load data for the number: 32th time
Load data for the number: 33th time
Load data for the number: 34th time
Load data for the number: 35th time
Load data for the number: 36th time
Load data for the number: 37th time
Load data for the number: 38th time
Load data for the number: 39th time
Load data for the number: 40th time
Load data for the number: 41th time
Load data for the number: 42th time
Load data for the number: 43th time
Load data for the number: 44th time
Load data for the number: 45th time
Load data for the number: 46th time
Load data for the number: 47th time
Load data for the number: 48th time
Load data for the number: 49th time
Load data for the number: 50th time
Load data for the number: 51th time
Load data for the number: 52th time
Load data for the number: 53th time
Load data for the number: 54th time
Load data for the number: 55th time
Load data for the number: 56th time
Load data for the number: 57th time
Load data for the number: 58th time
Load data for the number: 59th time
Load data for the number: 60th time
Load data for the number: 61th time
Load data for the number: 62th time
Load data for the number: 63th time
Load data for the number: 64th time
Load data for the number: 65th time
Load data for the number: 66th time
Load data for the number: 67th time
Load data for the number: 68th time
Load data for the number: 69th time
Load data for the number: 70th time
Load data for the number: 71th time
Load data for the number: 72th time
Load data for the number: 73th time
Load data for the number: 74th time
Load data for the number: 75th time
Load data for the number: 76th time
Load data for the number: 77th time
Load data for the number: 78th time
Load data for the number: 79th time
Load data for the number: 80th time
Load data for the number: 81th time
Load data for the number: 82th time
Load data for the number: 83th time
Load data for the number: 84th time
Load data for the number: 85th time
Load data for the number: 86th time
Load data for the number: 87th time
Load data for the number: 88th time
Load data for the number: 89th time
Load data for the number: 90th time
Load data for the number: 91th time
Load data for the number: 92th time
Load data for the number: 93th time
Load data for the number: 94th time
Load data for the number: 95th time
Load data for the number: 96th time
Load data for the number: 97th time
Load data for the number: 98th time
Load data for the number: 99th time
Load data for the number: 100th time
Load data for the number: 101th time
Load data for the number: 102th time
Load data for the number: 103th time
Load data for the number: 104th time
Load data for the number: 105th time
Load data for the number: 106th time
Load data for the number: 107th time
Load data for the number: 108th time
Load data for the number: 109th time
Load data for the number: 110th time
Load data for the number: 111th time
Load data for the number: 112th time
Load data for the number: 113th time
Load data for the number: 114th time
Load data for the number: 115th time
Load data for the number: 116th time
Load data for the number: 117th time
Load data for the number: 118th time
Load data for the number: 119th time
Load data for the number: 120th time
Load data for the number: 121th time
Load data for the number: 122th time
Load data for the number: 123th time
Load data for the number: 124th time
Load data for the number: 125th time
Load data for the number: 126th time
Load data for the number: 127th time
Load data for the number: 128th time
Load data for the number: 129th time
Load data for the number: 130th time
Load data for the number: 131th time
Load data for the number: 132th time
Load data for the number: 133th time
Load data for the number: 134th time
Load data for the number: 135th time
Load data for the number: 136th time
Load data for the number: 137th time
Load data for the number: 138th time
Load data for the number: 139th time
Load data for the number: 140th time
Load data for the number: 141th time
Load data for the number: 142th time
Load data for the number: 143th time
Load data for the number: 144th time
Load data for the number: 145th time
Load data for the number: 146th time
Load data for the number: 147th time
Load data for the number: 148th time
Load data for the number: 149th time
Load data for the number: 150th time
Load data for the number: 151th time
Load data for the number: 152th time
Load data for the number: 153th time
Load data for the number: 154th time
Load data for the number: 155th time
Load data for the number: 156th time
Load data for the number: 157th time
Load data for the number: 158th time
Load data for the number: 159th time
Load data for the number: 160th time
Load data for the number: 161th time
Load data for the number: 162th time
Load data for the number: 163th time
Load data for the number: 164th time
Load data for the number: 165th time
Load data for the number: 166th time
Load data for the number: 167th time
Load data for the number: 168th time
Load data for the number: 169th time
Load data for the number: 170th time
Load data for the number: 171th time
Load data for the number: 172th time
Load data for the number: 173th time
Load data for the number: 174th time
Load data for the number: 175th time
Load data for the number: 176th time
Load data for the number: 177th time
Load data for the number: 178th time
Load data for the number: 179th time
Load data for the number: 180th time
Load data for the number: 181th time
Load data for the number: 182th time
Load data for the number: 183th time
Load data for the number: 184th time
Load data for the number: 185th time
Load data for the number: 186th time
Load data for the number: 187th time
Load data for the number: 188th time
Load data for the number: 189th time
Load data for the number: 190th time
Load data for the number: 191th time
Load data for the number: 192th time
Load data for the number: 193th time
Load data for the number: 194th time
Load data for the number: 195th time
Load data for the number: 196th time
Load data for the number: 197th time
Load data for the number: 198th time
Load data for the number: 199th time
Load data for the number: 200th time
Load data for the number: 201th time
Load data for the number: 202th time
Load data for the number: 203th time
Load data for the number: 204th time
Load data for the number: 205th time
Load data for the number: 206th time
Load data for the number: 207th time
Load data for the number: 208th time
Load data for the number: 209th time
Load data for the number: 210th time
Load data for the number: 211th time
Load data for the number: 212th time
Load data for the number: 213th time
Load data for the number: 214th time
Load data for the number: 215th time
Load data for the number: 216th time
Load data for the number: 217th time
Load data for the number: 218th time
Load data for the number: 219th time
Load data for the number: 220th time
Load data for the number: 221th time
Load data for the number: 222th time
Load data for the number: 223th time
Load data for the number: 224th time
Load data for the number: 225th time
Load data for the number: 226th time
Load data for the number: 227th time
Load data for the number: 228th time
Load data for the number: 229th time
Load data for the number: 230th time
Load data for the number: 231th time
Load data for the number: 232th time
Load data for the number: 233th time
Load data for the number: 234th time
Load data for the number: 235th time
Load data for the number: 236th time
Load data for the number: 237th time
Load data for the number: 238th time
Load data for the number: 239th time
Load data for the number: 240th time
Load data for the number: 241th time
Load data for the number: 242th time
Load data for the number: 243th time
Load data for the number: 244th time
Load data for the number: 245th time
Load data for the number: 246th time
Load data for the number: 247th time
Load data for the number: 248th time
Load data for the number: 249th time
Load data for the number: 250th time
Load data for the number: 251th time
Load data for the number: 252th time
Load data for the number: 253th time
Load data for the number: 254th time
Load data for the number: 255th time
Load data for the number: 256th time
Load data for the number: 257th time
Load data for the number: 258th time
Load data for the number: 259th time
Load data for the number: 260th time
Load data for the number: 261th time
Load data for the number: 262th time
Load data for the number: 263th time
Load data for the number: 264th time
Load data for the number: 265th time
Load data for the number: 266th time
Load data for the number: 267th time
Load data for the number: 268th time
Load data for the number: 269th time
Load data for the number: 270th time
Load data for the number: 271th time
Load data for the number: 272th time
Load data for the number: 273th time
Load data for the number: 274th time
Load data for the number: 275th time
Load data for the number: 276th time
Load data for the number: 277th time
Load data for the number: 278th time
Load data for the number: 279th time
Load data for the number: 280th time
Load data for the number: 281th time
Load data for the number: 282th time
Load data for the number: 283th time
Load data for the number: 284th time
Load data for the number: 285th time
Load data for the number: 286th time
Load data for the number: 287th time
Load data for the number: 288th time
Load data for the number: 289th time
Load data for the number: 290th time
Load data for the number: 291th time
Load data for the number: 292th time
Load data for the number: 293th time
Load data for the number: 294th time
Load data for the number: 295th time
Load data for the number: 296th time
Load data for the number: 297th time
Load data for the number: 298th time
Load data for the number: 299th time
Load data for the number: 300th time
Load data for the number: 301th time
Load data for the number: 302th time
Load data for the number: 303th time
Load data for the number: 304th time
Load data for the number: 305th time
Load data for the number: 306th time
Load data for the number: 307th time
Load data for the number: 308th time
Load data for the number: 309th time
Load data for the number: 310th time
Load data for the number: 311th time
Load data for the number: 312th time
Load data for the number: 313th time
Load data for the number: 314th time
Load data for the number: 315th time
Load data for the number: 316th time
Load data for the number: 317th time
Load data for the number: 318th time
Load data for the number: 319th time
Load data for the number: 320th time
Load data for the number: 321th time
Load data for the number: 322th time
Load data for the number: 323th time
Load data for the number: 324th time
Load data for the number: 325th time
Load data for the number: 326th time
Load data for the number: 327th time
Load data for the number: 328th time
Load data for the number: 329th time
Load data for the number: 330th time
Load data for the number: 331th time
Load data for the number: 332th time
Load data for the number: 333th time
Load data for the number: 334th time
Load data for the number: 335th time
Load data for the number: 336th time
Load data for the number: 337th time
Load data for the number: 338th time
Load data for the number: 339th time
Load data for the number: 340th time
Load data for the number: 341th time
Load data for the number: 342th time
Load data for the number: 343th time
Load data for the number: 344th time
Load data for the number: 345th time
Load data for the number: 346th time
Load data for the number: 347th time
Load data for the number: 348th time
Load data for the number: 349th time
Load data for the number: 350th time
Load data for the number: 351th time
Load data for the number: 352th time
Load data for the number: 353th time
Load data for the number: 354th time
Load data for the number: 355th time
Load data for the number: 356th time
Load data for the number: 357th time
Load data for the number: 358th time
Load data for the number: 359th time
Load data for the number: 360th time
Load data for the number: 361th time
Load data for the number: 362th time
Load data for the number: 363th time
Load data for the number: 364th time
Load data for the number: 365th time
Load data for the number: 366th time
Load data for the number: 367th time
Load data for the number: 368th time
Load data for the number: 369th time
Load data for the number: 370th time
Load data for the number: 371th time
Load data for the number: 372th time
Load data for the number: 373th time
Load data for the number: 374th time
Load data for the number: 375th time
Load data for the number: 376th time
Load data for the number: 377th time
Load data for the number: 378th time
Load data for the number: 379th time
Load data for the number: 380th time
Load data for the number: 381th time
Load data for the number: 382th time
Load data for the number: 383th time
Load data for the number: 384th time
Load data for the number: 385th time
Load data for the number: 386th time
Load data for the number: 387th time
Load data for the number: 388th time
Load data for the number: 389th time
Load data for the number: 390th time
Load data for the number: 391th time
Load data for the number: 392th time
Load data for the number: 393th time
Load data for the number: 394th time
Load data for the number: 395th time
Load data for the number: 396th time
Load data for the number: 397th time
Load data for the number: 398th time
Load data for the number: 399th time
Load data for the number: 400th time
Load data for the number: 401th time
Load data for the number: 402th time
Load data for the number: 403th time
Load data for the number: 404th time
Load data for the number: 405th time
Load data for the number: 406th time
Load data for the number: 407th time
Load data for the number: 408th time
Load data for the number: 409th time
Load data for the number: 410th time
Load data for the number: 411th time
Load data for the number: 412th time
Load data for the number: 413th time
Load data for the number: 414th time
Load data for the number: 415th time
Load data for the number: 416th time
Load data for the number: 417th time
Load data for the number: 418th time
Load data for the number: 419th time
Load data for the number: 420th time
Load data for the number: 421th time
Load data for the number: 422th time
Load data for the number: 423th time
Load data for the number: 424th time
Load data for the number: 425th time
Load data for the number: 426th time
Load data for the number: 427th time
Load data for the number: 428th time
Load data for the number: 429th time
Load data for the number: 430th time
Load data for the number: 431th time
Load data for the number: 432th time
Load data for the number: 433th time
Load data for the number: 434th time
Load data for the number: 435th time
Load data for the number: 436th time
Load data for the number: 437th time
Load data for the number: 438th time
Load data for the number: 439th time
Load data for the number: 440th time
Load data for the number: 441th time
Load data for the number: 442th time
Load data for the number: 443th time
Load data for the number: 444th time
Load data for the number: 445th time
Load data for the number: 446th time
Load data for the number: 447th time
Load data for the number: 448th time
Load data for the number: 449th time
Load data for the number: 450th time
Load data for the number: 451th time
Load data for the number: 452th time
Load data for the number: 453th time
Load data for the number: 454th time
Load data for the number: 455th time
Load data for the number: 456th time
Load data for the number: 457th time
Load data for the number: 458th time
Load data for the number: 459th time
Load data for the number: 460th time
Load data for the number: 461th time
Load data for the number: 462th time
Load data for the number: 463th time
Load data for the number: 464th time
Load data for the number: 465th time
Load data for the number: 466th time
Load data for the number: 467th time
Load data for the number: 468th time
Load data for the number: 469th time
Load data for the number: 470th time
Load data for the number: 471th time
Load data for the number: 472th time
Load data for the number: 473th time
Load data for the number: 474th time
Load data for the number: 475th time
Load data for the number: 476th time
Load data for the number: 477th time
Load data for the number: 478th time
Load data for the number: 479th time
Load data for the number: 480th time
Load data for the number: 481th time
Load data for the number: 482th time
Load data for the number: 483th time
Load data for the number: 484th time
Load data for the number: 485th time
Load data for the number: 486th time
Load data for the number: 487th time
Load data for the number: 488th time
Load data for the number: 489th time
Load data for the number: 490th time
Load data for the number: 491th time
Load data for the number: 492th time
Load data for the number: 493th time
Load data for the number: 494th time
Load data for the number: 495th time
Load data for the number: 496th time
Load data for the number: 497th time
Load data for the number: 498th time
Load data for the number: 499th time
Load data for the number: 500th time
Load data for the number: 501th time
Load data for the number: 502th time
Load data for the number: 503th time
Load data for the number: 504th time
Load data for the number: 505th time
Load data for the number: 506th time
Load data for the number: 507th time
Load data for the number: 508th time
Load data for the number: 509th time
Load data for the number: 510th time
Load data for the number: 511th time
Load data for the number: 512th time
Load data for the number: 513th time
Load data for the number: 514th time
Load data for the number: 515th time
Load data for the number: 516th time
Load data for the number: 517th time
Load data for the number: 518th time
Load data for the number: 519th time
Load data for the number: 520th time
Load data for the number: 521th time
Load data for the number: 522th time
Load data for the number: 523th time
Load data for the number: 524th time
Load data for the number: 525th time
Load data for the number: 526th time
Load data for the number: 527th time
Load data for the number: 528th time
Load data for the number: 529th time
Load data for the number: 530th time
Load data for the number: 531th time
Load data for the number: 532th time
Load data for the number: 533th time
Load data for the number: 534th time
Load data for the number: 535th time
Load data for the number: 536th time
Load data for the number: 537th time
Load data for the number: 538th time
Load data for the number: 539th time
Load data for the number: 540th time
Load data for the number: 541th time
Load data for the number: 542th time
Load data for the number: 543th time
Load data for the number: 544th time
Load data for the number: 545th time
Load data for the number: 546th time
Load data for the number: 547th time
Load data for the number: 548th time
Load data for the number: 549th time
Load data for the number: 550th time
Load data for the number: 551th time
Load data for the number: 552th time
Load data for the number: 553th time
Load data for the number: 554th time
Load data for the number: 555th time
Load data for the number: 556th time
Load data for the number: 557th time
Load data for the number: 558th time
Load data for the number: 559th time
Load data for the number: 560th time
Load data for the number: 561th time
Load data for the number: 562th time
Load data for the number: 563th time
Load data for the number: 564th time
Load data for the number: 565th time
Load data for the number: 566th time
Load data for the number: 567th time
Load data for the number: 568th time
Load data for the number: 569th time
Load data for the number: 570th time
Load data for the number: 571th time
Load data for the number: 572th time
Load data for the number: 573th time
Load data for the number: 574th time
Load data for the number: 575th time
Load data for the number: 576th time
Load data for the number: 577th time
Load data for the number: 578th time
Load data for the number: 579th time
Load data for the number: 580th time
Load data for the number: 581th time
Load data for the number: 582th time
Load data for the number: 583th time
Load data for the number: 584th time
Load data for the number: 585th time
Load data for the number: 586th time
Load data for the number: 587th time
Load data for the number: 588th time
Load data for the number: 589th time
Load data for the number: 590th time
Load data for the number: 591th time
Load data for the number: 592th time
Load data for the number: 593th time
Load data for the number: 594th time
Load data for the number: 595th time
Load data for the number: 596th time
Load data for the number: 597th time
Load data for the number: 598th time
Load data for the number: 599th time
Load data for the number: 600th time
Load data for the number: 601th time
Load data for the number: 602th time
Load data for the number: 603th time
Load data for the number: 604th time
Load data for the number: 605th time
Load data for the number: 606th time
Load data for the number: 607th time
Load data for the number: 608th time
Load data for the number: 609th time
Load data for the number: 610th time
Load data for the number: 611th time
Load data for the number: 612th time
Load data for the number: 613th time
Load data for the number: 614th time
Load data for the number: 615th time
Load data for the number: 616th time
Load data for the number: 617th time
Load data for the number: 618th time
Load data for the number: 619th time
Load data for the number: 620th time
Load data for the number: 621th time
Load data for the number: 622th time
Load data for the number: 623th time
Load data for the number: 624th time
Load data for the number: 625th time
Load data for the number: 626th time
Load data for the number: 627th time
Load data for the number: 628th time
Load data for the number: 629th time
Load data for the number: 630th time
Load data for the number: 631th time
Load data for the number: 632th time
Load data for the number: 633th time
Load data for the number: 634th time
Load data for the number: 635th time
Load data for the number: 636th time
Load data for the number: 637th time
Load data for the number: 638th time
Load data for the number: 639th time
Load data for the number: 640th time
Load data for the number: 641th time
Load data for the number: 642th time
Load data for the number: 643th time
Load data for the number: 644th time
Load data for the number: 645th time
Load data for the number: 646th time
Load data for the number: 647th time
Load data for the number: 648th time
Load data for the number: 649th time
Load data for the number: 650th time
Load data for the number: 651th time
Load data for the number: 652th time
Load data for the number: 653th time
Load data for the number: 654th time
Load data for the number: 655th time
Load data for the number: 656th time
Load data for the number: 657th time
Load data for the number: 658th time
Load data for the number: 659th time
Load data for the number: 660th time
Load data for the number: 661th time
Load data for the number: 662th time
Load data for the number: 663th time
